
> backend@1.0.0 start
> node index.js

[dotenv@17.2.0] injecting env (12) from .env (tip: 🔐 encrypt with dotenvx: https://dotenvx.com)
[SensoryService] Initialized.
[Agent Initializer] Activating all sub-agents...
[CodeWriterAgent] Listening for coding tasks...
[SchedulerAgent] Listening for schedule tasks...
[ArtistAgent] Listening for art tasks...
[WriterAgent] Listening for writing tasks...
[Agent Initializer] All agents are now listening on the MessageBus.
node:events:496
      throw er; // Unhandled 'error' event
      ^

Error: listen EADDRINUSE: address already in use :::8000
    at Server.setupListenHandle [as _listen2] (node:net:1940:16)
    at listenInCluster (node:net:1997:12)
    at Server.listen (node:net:2102:7)
    at Object.<anonymous> (/home/robbie/development/dat-bitch-cartrita/packages/backend/index.js:130:8)
    at Module._compile (node:internal/modules/cjs/loader:1730:14)
    at Object..js (node:internal/modules/cjs/loader:1895:10)
    at Module.load (node:internal/modules/cjs/loader:1465:32)
    at Function._load (node:internal/modules/cjs/loader:1282:12)
    at TracingChannel.traceSync (node:diagnostics_channel:322:14)
    at wrapModuleLoad (node:internal/modules/cjs/loader:235:24)
Emitted 'error' event on Server instance at:
    at emitErrorNT (node:net:1976:8)
    at process.processTicksAndRejections (node:internal/process/task_queues:90:21) {
  code: 'EADDRINUSE',
  errno: -98,
  syscall: 'listen',
  address: '::',
  port: 8000
}

Node.js v22.17.1
npm error Lifecycle script `start` failed with error:
npm error code 1
npm error path /home/robbie/development/dat-bitch-cartrita/packages/backend
npm error workspace backend@1.0.0
npm error location /home/robbie/development/dat-bitch-cartrita/packages/backend
npm error command failed
npm error command sh -c node index.js
